<?xml version="1.0" encoding="UTF-8"?>
<Site BuildName="(empty)"
	BuildStamp="20251115-1513-Experimental"
	Name="(empty)"
	Generator="ctest-4.2.0"
	CompilerName=""
	CompilerVersion=""
	OSName="Linux"
	Hostname="stefancik"
	OSRelease="6.17.8-arch1-1"
	OSVersion="#1 SMP PREEMPT_DYNAMIC Fri, 14 Nov 2025 06:54:20 +0000"
	OSPlatform="x86_64"
	Is64Bits="1"
	VendorString="GenuineIntel"
	VendorID="Intel Corporation"
	FamilyID="6"
	ModelID="142"
	ModelName="Intel(R) Core(TM) i5-8350U CPU @ 1.70GHz"
	ProcessorCacheSize="6144"
	NumberOfLogicalCPU="8"
	NumberOfPhysicalCPU="4"
	TotalVirtualMemory="0"
	TotalPhysicalMemory="15861"
	LogicalProcessorsPerPhysical="2"
	ProcessorClockFrequency="2400.13"
	>
	<Testing>
		<StartDateTime>Nov 23 16:51 CET</StartDateTime>
		<StartTestTime>1763913114</StartTestTime>
		<TestList/>
		<EndDateTime>Nov 23 16:51 CET</EndDateTime>
		<EndTestTime>1763913114</EndTestTime>
		<ElapsedMinutes>0</ElapsedMinutes>
	</Testing>
</Site>
