<?xml version="1.0" encoding="UTF-8"?>
<Site BuildName="(empty)"
	BuildStamp="20260123-1718-Experimental"
	Name="(empty)"
	Generator="ctest-4.2.2-dirty"
	CompilerName=""
	CompilerVersion=""
	OSName="Linux"
	Hostname="stefancik"
	OSRelease="6.18.6-arch1-1"
	OSVersion="#1 SMP PREEMPT_DYNAMIC Sun, 18 Jan 2026 00:34:07 +0000"
	OSPlatform="x86_64"
	Is64Bits="1"
	VendorString="GenuineIntel"
	VendorID="Intel Corporation"
	FamilyID="6"
	ModelID="142"
	ModelName="Intel(R) Core(TM) i5-8350U CPU @ 1.70GHz"
	ProcessorCacheSize="6144"
	NumberOfLogicalCPU="8"
	NumberOfPhysicalCPU="4"
	TotalVirtualMemory="0"
	TotalPhysicalMemory="15861"
	LogicalProcessorsPerPhysical="2"
	ProcessorClockFrequency="2600.01"
	>
	<Testing>
		<StartDateTime>Jan 23 18:18 CET</StartDateTime>
		<StartTestTime>1769188693</StartTestTime>
		<TestList/>
		<EndDateTime>Jan 23 18:18 CET</EndDateTime>
		<EndTestTime>1769188693</EndTestTime>
		<ElapsedMinutes>0</ElapsedMinutes>
	</Testing>
</Site>
