<?xml version="1.0" encoding="UTF-8"?>
<Site BuildName="(empty)"
	BuildStamp="20260413-1832-Experimental"
	Name="(empty)"
	Generator="ctest-4.3.1"
	CompilerName=""
	CompilerVersion=""
	OSName="Linux"
	Hostname="stefancik"
	OSRelease="6.19.11-arch1-1"
	OSVersion="#1 SMP PREEMPT_DYNAMIC Thu, 02 Apr 2026 23:33:01 +0000"
	OSPlatform="x86_64"
	Is64Bits="1"
	VendorString="GenuineIntel"
	VendorID="Intel Corporation"
	FamilyID="6"
	ModelID="142"
	ModelName="Intel(R) Core(TM) i5-8350U CPU @ 1.70GHz"
	ProcessorCacheSize="6144"
	NumberOfLogicalCPU="8"
	NumberOfPhysicalCPU="4"
	TotalVirtualMemory="0"
	TotalPhysicalMemory="15860"
	LogicalProcessorsPerPhysical="2"
	ProcessorClockFrequency="3400.208008"
	>
	<Testing>
		<StartDateTime>Apr 21 09:58 CEST</StartDateTime>
		<StartTestTime>1776758336</StartTestTime>
		<TestList/>
		<EndDateTime>Apr 21 09:58 CEST</EndDateTime>
		<EndTestTime>1776758336</EndTestTime>
		<ElapsedMinutes>0</ElapsedMinutes>
	</Testing>
</Site>
